slideMenuLibrary/build/outputs/logs/manifest-merger-release-report.txt
-- Merging decision tree log ---
manifest
ADDED from Wearwhere\slideMenuLibrary\AndroidManifest.xml:2:1-12:12
INJECTED from Wearwhere\slideMenuLibrary\AndroidManifest.xml:2:1-12:12
INJECTED from Wearwhere\slideMenuLibrary\AndroidManifest.xml:2:1-12:12
INJECTED from Wearwhere\slideMenuLibrary\AndroidManifest.xml:2:1-12:12
INJECTED from Wearwhere\slideMenuLibrary\AndroidManifest.xml:2:1-12:12
INJECTED from Wearwhere\slideMenuLibrary\AndroidManifest.xml:2:1-12:12
INJECTED from Wearwhere\slideMenuLibrary\AndroidManifest.xml:2:1-12:12
	package
		ADDED from Wearwhere\slideMenuLibrary\AndroidManifest.xml:3:5-50
		INJECTED from Wearwhere\slideMenuLibrary\AndroidManifest.xml
		INJECTED from Wearwhere\slideMenuLibrary\AndroidManifest.xml
	android:versionName
		ADDED from Wearwhere\slideMenuLibrary\AndroidManifest.xml:5:5-30
		INJECTED from Wearwhere\slideMenuLibrary\AndroidManifest.xml
		INJECTED from Wearwhere\slideMenuLibrary\AndroidManifest.xml
	xmlns:android
		ADDED from Wearwhere\slideMenuLibrary\AndroidManifest.xml:2:11-69
	android:versionCode
		ADDED from Wearwhere\slideMenuLibrary\AndroidManifest.xml:4:5-28
		INJECTED from Wearwhere\slideMenuLibrary\AndroidManifest.xml
		INJECTED from Wearwhere\slideMenuLibrary\AndroidManifest.xml
uses-permission#android.permission.INTERNET
ADDED from Wearwhere\slideMenuLibrary\AndroidManifest.xml:7:5-67
	android:name
		ADDED from Wearwhere\slideMenuLibrary\AndroidManifest.xml:7:22-64
uses-permission#android.permission.ACCESS_NETWORK_STATE
ADDED from Wearwhere\slideMenuLibrary\AndroidManifest.xml:8:5-79
	android:name
		ADDED from Wearwhere\slideMenuLibrary\AndroidManifest.xml:8:22-76
uses-sdk
INJECTED from Wearwhere\slideMenuLibrary\AndroidManifest.xml reason: use-sdk injection requested
INJECTED from Wearwhere\slideMenuLibrary\AndroidManifest.xml
INJECTED from Wearwhere\slideMenuLibrary\AndroidManifest.xml
	android:minSdkVersion
		INJECTED from Wearwhere\slideMenuLibrary\AndroidManifest.xml
		ADDED from Wearwhere\slideMenuLibrary\AndroidManifest.xml
		INJECTED from Wearwhere\slideMenuLibrary\AndroidManifest.xml